<?xml version="1.0" encoding="UTF-8"?>
<coverage generated="1484953474">
  <project timestamp="1484953474">
    <package name="App">
      <file name="/Users/ha/Code/inverse/api.punchcardllc.com/app/Check.php">
        <class name="Check" namespace="App">
          <metrics complexity="24" methods="14" coveredmethods="7" conditionals="0" coveredconditionals="0" statements="48" coveredstatements="32" elements="62" coveredelements="39"/>
        </class>
        <line num="12" type="method" name="user" visibility="public" complexity="1" crap="2" count="0"/>
        <line num="14" type="stmt" count="0"/>
        <line num="17" type="method" name="project" visibility="public" complexity="1" crap="1" count="10"/>
        <line num="19" type="stmt" count="10"/>
        <line num="22" type="method" name="getOnsiteAttribute" visibility="public" complexity="2" crap="6" count="0"/>
        <line num="24" type="stmt" count="0"/>
        <line num="32" type="method" name="getLastChecks" visibility="public" complexity="1" crap="2" count="0"/>
        <line num="34" type="stmt" count="0"/>
        <line num="35" type="stmt" count="0"/>
        <line num="37" type="method" name="isCheckedIn" visibility="public" complexity="1" crap="1" count="13"/>
        <line num="39" type="stmt" count="13"/>
        <line num="40" type="stmt" count="13"/>
        <line num="41" type="stmt" count="13"/>
        <line num="42" type="stmt" count="13"/>
        <line num="43" type="stmt" count="13"/>
        <line num="44" type="stmt" count="13"/>
        <line num="46" type="stmt" count="13"/>
        <line num="49" type="method" name="isCheckedInTo" visibility="public" complexity="1" crap="1" count="14"/>
        <line num="51" type="stmt" count="14"/>
        <line num="52" type="stmt" count="14"/>
        <line num="53" type="stmt" count="14"/>
        <line num="54" type="stmt" count="14"/>
        <line num="55" type="stmt" count="14"/>
        <line num="56" type="stmt" count="14"/>
        <line num="58" type="stmt" count="14"/>
        <line num="61" type="method" name="existsExceptionReason" visibility="protected" complexity="2" crap="2" count="13"/>
        <line num="63" type="stmt" count="13"/>
        <line num="66" type="method" name="logExceptionReasonIfExists" visibility="protected" complexity="2" crap="2" count="12"/>
        <line num="68" type="stmt" count="12"/>
        <line num="69" type="stmt" count="9"/>
        <line num="72" type="stmt" count="5"/>
        <line num="73" type="stmt" count="5"/>
        <line num="74" type="stmt" count="5"/>
        <line num="75" type="stmt" count="5"/>
        <line num="76" type="stmt" count="5"/>
        <line num="78" type="stmt" count="5"/>
        <line num="81" type="method" name="abortIfNotInsideFenceAndHasNoException" visibility="protected" complexity="3" crap="3" count="13"/>
        <line num="83" type="stmt" count="13"/>
        <line num="84" type="stmt" count="13"/>
        <line num="85" type="stmt" count="1"/>
        <line num="87" type="stmt" count="13"/>
        <line num="89" type="method" name="abortIfNotOnProject" visibility="protected" complexity="3" crap="3" count="18"/>
        <line num="91" type="stmt" count="18"/>
        <line num="93" type="stmt" count="18"/>
        <line num="94" type="stmt" count="5"/>
        <line num="96" type="stmt" count="13"/>
        <line num="98" type="method" name="isCheckException" visibility="public" complexity="1" crap="2" count="0"/>
        <line num="101" type="stmt" count="0"/>
        <line num="103" type="stmt" count="0"/>
        <line num="106" type="method" name="checkExceptionNote" visibility="public" complexity="2" crap="6" count="0"/>
        <line num="108" type="stmt" count="0"/>
        <line num="110" type="stmt" count="0"/>
        <line num="111" type="stmt" count="0"/>
        <line num="114" type="stmt" count="0"/>
        <line num="117" type="method" name="completeLogNote" visibility="protected" complexity="2" crap="6" count="0"/>
        <line num="119" type="stmt" count="0"/>
        <line num="121" type="stmt" count="0"/>
        <line num="124" type="method" name="getAssociatedUserLog" visibility="protected" complexity="2" crap="6" count="0"/>
        <line num="126" type="stmt" count="0"/>
        <line num="127" type="stmt" count="0"/>
        <line num="128" type="stmt" count="0"/>
        <line num="130" type="stmt" count="0"/>
        <metrics loc="132" ncloc="124" classes="1" methods="14" coveredmethods="7" conditionals="0" coveredconditionals="0" statements="48" coveredstatements="32" elements="62" coveredelements="39"/>
      </file>
      <file name="/Users/ha/Code/inverse/api.punchcardllc.com/app/CheckAdd.php">
        <class name="CheckAdd" namespace="App">
          <metrics complexity="0" methods="0" coveredmethods="0" conditionals="0" coveredconditionals="0" statements="0" coveredstatements="0" elements="0" coveredelements="0"/>
        </class>
        <metrics loc="24" ncloc="24" classes="1" methods="0" coveredmethods="0" conditionals="0" coveredconditionals="0" statements="0" coveredstatements="0" elements="0" coveredelements="0"/>
      </file>
      <file name="/Users/ha/Code/inverse/api.punchcardllc.com/app/CheckBadge.php">
        <class name="CheckBadge" namespace="App">
          <metrics complexity="3" methods="3" coveredmethods="3" conditionals="0" coveredconditionals="0" statements="19" coveredstatements="19" elements="22" coveredelements="22"/>
        </class>
        <line num="10" type="method" name="__construct" visibility="public" complexity="1" crap="1" count="2"/>
        <line num="12" type="stmt" count="2"/>
        <line num="13" type="stmt" count="2"/>
        <line num="15" type="method" name="punchIn" visibility="public" complexity="1" crap="1" count="2"/>
        <line num="17" type="stmt" count="1"/>
        <line num="18" type="stmt" count="1"/>
        <line num="23" type="stmt" count="1"/>
        <line num="24" type="stmt" count="1"/>
        <line num="33" type="stmt" count="1"/>
        <line num="35" type="stmt" count="2"/>
        <line num="36" type="stmt" count="2"/>
        <line num="37" type="stmt" count="2"/>
        <line num="38" type="stmt" count="2"/>
        <line num="39" type="stmt" count="2"/>
        <line num="41" type="method" name="punchOut" visibility="public" complexity="1" crap="1" count="1"/>
        <line num="43" type="stmt" count="1"/>
        <line num="44" type="stmt" count="1"/>
        <line num="49" type="stmt" count="1"/>
        <line num="50" type="stmt" count="1"/>
        <line num="59" type="stmt" count="1"/>
        <line num="62" type="stmt" count="1"/>
        <line num="63" type="stmt" count="1"/>
        <metrics loc="65" ncloc="29" classes="1" methods="3" coveredmethods="3" conditionals="0" coveredconditionals="0" statements="19" coveredstatements="19" elements="22" coveredelements="22"/>
      </file>
      <file name="/Users/ha/Code/inverse/api.punchcardllc.com/app/CheckIn.php">
        <class name="CheckIn" namespace="App">
          <metrics complexity="4" methods="2" coveredmethods="1" conditionals="0" coveredconditionals="0" statements="17" coveredstatements="15" elements="19" coveredelements="16"/>
        </class>
        <line num="15" type="method" name="in" visibility="public" complexity="1" crap="1" count="12"/>
        <line num="17" type="stmt" count="12"/>
        <line num="18" type="stmt" count="9"/>
        <line num="19" type="stmt" count="9"/>
        <line num="21" type="stmt" count="8"/>
        <line num="22" type="stmt" count="8"/>
        <line num="23" type="stmt" count="8"/>
        <line num="24" type="stmt" count="8"/>
        <line num="25" type="stmt" count="8"/>
        <line num="27" type="stmt" count="8"/>
        <line num="29" type="stmt" count="8"/>
        <line num="30" type="stmt" count="8"/>
        <line num="32" type="stmt" count="8"/>
        <line num="35" type="method" name="abortIfAlreadyCheckedIn" visibility="protected" complexity="3" crap="3.58" count="9"/>
        <line num="37" type="stmt" count="9"/>
        <line num="38" type="stmt" count="0"/>
        <line num="41" type="stmt" count="9"/>
        <line num="42" type="stmt" count="0"/>
        <line num="44" type="stmt" count="9"/>
        <metrics loc="45" ncloc="45" classes="1" methods="2" coveredmethods="1" conditionals="0" coveredconditionals="0" statements="17" coveredstatements="15" elements="19" coveredelements="16"/>
      </file>
      <file name="/Users/ha/Code/inverse/api.punchcardllc.com/app/CheckOut.php">
        <class name="CheckOut" namespace="App">
          <metrics complexity="4" methods="2" coveredmethods="1" conditionals="0" coveredconditionals="0" statements="20" coveredstatements="18" elements="22" coveredelements="19"/>
        </class>
        <line num="13" type="method" name="out" visibility="public" complexity="1" crap="1" count="10"/>
        <line num="15" type="stmt" count="10"/>
        <line num="16" type="stmt" count="8"/>
        <line num="17" type="stmt" count="8"/>
        <line num="19" type="stmt" count="8"/>
        <line num="20" type="stmt" count="8"/>
        <line num="21" type="stmt" count="8"/>
        <line num="22" type="stmt" count="8"/>
        <line num="23" type="stmt" count="8"/>
        <line num="25" type="stmt" count="8"/>
        <line num="26" type="stmt" count="8"/>
        <line num="27" type="stmt" count="8"/>
        <line num="29" type="stmt" count="8"/>
        <line num="30" type="stmt" count="8"/>
        <line num="32" type="stmt" count="8"/>
        <line num="33" type="stmt" count="8"/>
        <line num="35" type="method" name="abortIfNotAlreadyCheckedIn" visibility="protected" complexity="3" crap="3.58" count="8"/>
        <line num="37" type="stmt" count="8"/>
        <line num="38" type="stmt" count="0"/>
        <line num="41" type="stmt" count="8"/>
        <line num="42" type="stmt" count="0"/>
        <line num="44" type="stmt" count="8"/>
        <metrics loc="45" ncloc="45" classes="1" methods="2" coveredmethods="1" conditionals="0" coveredconditionals="0" statements="20" coveredstatements="18" elements="22" coveredelements="19"/>
      </file>
      <file name="/Users/ha/Code/inverse/api.punchcardllc.com/app/CheckQr.php">
        <class name="CheckQr" namespace="App">
          <metrics complexity="2" methods="2" coveredmethods="2" conditionals="0" coveredconditionals="0" statements="13" coveredstatements="13" elements="15" coveredelements="15"/>
        </class>
        <line num="7" type="method" name="punchIn" visibility="public" complexity="1" crap="1" count="3"/>
        <line num="9" type="stmt" count="3"/>
        <line num="10" type="stmt" count="3"/>
        <line num="15" type="stmt" count="3"/>
        <line num="16" type="stmt" count="3"/>
        <line num="25" type="stmt" count="2"/>
        <line num="26" type="stmt" count="1"/>
        <line num="27" type="stmt" count="2"/>
        <line num="29" type="stmt" count="2"/>
        <line num="32" type="method" name="punchOut" visibility="public" complexity="1" crap="1" count="3"/>
        <line num="34" type="stmt" count="3"/>
        <line num="35" type="stmt" count="3"/>
        <line num="40" type="stmt" count="3"/>
        <line num="41" type="stmt" count="3"/>
        <line num="50" type="stmt" count="1"/>
        <metrics loc="53" ncloc="17" classes="1" methods="2" coveredmethods="2" conditionals="0" coveredconditionals="0" statements="13" coveredstatements="13" elements="15" coveredelements="15"/>
      </file>
      <file name="/Users/ha/Code/inverse/api.punchcardllc.com/app/CheckStats.php">
        <class name="CheckStats" namespace="App">
          <metrics complexity="18" methods="11" coveredmethods="10" conditionals="0" coveredconditionals="0" statements="45" coveredstatements="44" elements="56" coveredelements="54"/>
        </class>
        <line num="20" type="method" name="__construct" visibility="public" complexity="1" crap="1" count="2"/>
        <line num="22" type="stmt" count="2"/>
        <line num="23" type="stmt" count="2"/>
        <line num="25" type="method" name="getStats" visibility="public" complexity="2" crap="2" count="2"/>
        <line num="28" type="stmt" count="2"/>
        <line num="29" type="stmt" count="1"/>
        <line num="30" type="stmt" count="2"/>
        <line num="35" type="stmt" count="2"/>
        <line num="36" type="stmt" count="2"/>
        <line num="37" type="stmt" count="2"/>
        <line num="38" type="stmt" count="2"/>
        <line num="39" type="stmt" count="2"/>
        <line num="42" type="method" name="hoursWorked" visibility="protected" complexity="1" crap="1" count="2"/>
        <line num="44" type="stmt" count="2"/>
        <line num="47" type="method" name="daysWorked" visibility="protected" complexity="1" crap="2" count="0"/>
        <line num="49" type="stmt" count="0"/>
        <line num="52" type="method" name="employeesOnSite" visibility="protected" complexity="1" crap="1" count="2"/>
        <line num="54" type="stmt" count="2"/>
        <line num="57" type="method" name="companiesOnSite" visibility="protected" complexity="1" crap="1" count="2"/>
        <line num="59" type="stmt" count="2"/>
        <line num="62" type="method" name="handle" visibility="protected" complexity="1" crap="1" count="1"/>
        <line num="64" type="stmt" count="1"/>
        <line num="65" type="stmt" count="1"/>
        <line num="66" type="stmt" count="1"/>
        <line num="67" type="stmt" count="1"/>
        <line num="68" type="stmt" count="1"/>
        <line num="70" type="method" name="handleTotalDaysWorked" visibility="protected" complexity="2" crap="2" count="1"/>
        <line num="72" type="stmt" count="1"/>
        <line num="74" type="stmt" count="1"/>
        <line num="75" type="stmt" count="1"/>
        <line num="76" type="stmt" count="1"/>
        <line num="78" type="stmt" count="1"/>
        <line num="79" type="stmt" count="1"/>
        <line num="81" type="method" name="handleTotalHoursWorked" visibility="protected" complexity="3" crap="3" count="1"/>
        <line num="83" type="stmt" count="1"/>
        <line num="84" type="stmt" count="1"/>
        <line num="87" type="stmt" count="1"/>
        <line num="88" type="stmt" count="1"/>
        <line num="90" type="stmt" count="1"/>
        <line num="91" type="stmt" count="1"/>
        <line num="92" type="stmt" count="1"/>
        <line num="94" type="method" name="handleEmployeesOnSite" visibility="protected" complexity="2" crap="2" count="1"/>
        <line num="96" type="stmt" count="1"/>
        <line num="97" type="stmt" count="1"/>
        <line num="98" type="stmt" count="1"/>
        <line num="99" type="stmt" count="1"/>
        <line num="100" type="stmt" count="1"/>
        <line num="102" type="method" name="handleCompaniesOnSite" visibility="protected" complexity="3" crap="3" count="1"/>
        <line num="104" type="stmt" count="1"/>
        <line num="105" type="stmt" count="1"/>
        <line num="106" type="stmt" count="1"/>
        <line num="109" type="stmt" count="1"/>
        <line num="110" type="stmt" count="1"/>
        <line num="111" type="stmt" count="1"/>
        <line num="113" type="stmt" count="1"/>
        <line num="114" type="stmt" count="1"/>
        <metrics loc="115" ncloc="111" classes="1" methods="11" coveredmethods="10" conditionals="0" coveredconditionals="0" statements="45" coveredstatements="44" elements="56" coveredelements="54"/>
      </file>
      <file name="/Users/ha/Code/inverse/api.punchcardllc.com/app/CheckStatsData.php">
        <class name="CheckStatsData" namespace="App">
          <metrics complexity="16" methods="7" coveredmethods="3" conditionals="0" coveredconditionals="0" statements="79" coveredstatements="30" elements="86" coveredelements="33"/>
        </class>
        <line num="18" type="method" name="setUser" visibility="public" complexity="1" crap="1" count="1"/>
        <line num="20" type="stmt" count="1"/>
        <line num="21" type="stmt" count="1"/>
        <line num="23" type="method" name="getProjectStatsData" visibility="public" complexity="1" crap="1" count="1"/>
        <line num="25" type="stmt" count="1"/>
        <line num="26" type="stmt" count="1"/>
        <line num="27" type="stmt" count="1"/>
        <line num="28" type="stmt" count="1"/>
        <line num="31" type="stmt" count="1"/>
        <line num="32" type="stmt" count="1"/>
        <line num="33" type="stmt" count="1"/>
        <line num="34" type="stmt" count="1"/>
        <line num="37" type="method" name="totalHoursByClientId" visibility="public" complexity="3" crap="3" count="2"/>
        <line num="41" type="stmt" count="2"/>
        <line num="42" type="stmt" count="2"/>
        <line num="43" type="stmt" count="2"/>
        <line num="44" type="stmt" count="2"/>
        <line num="45" type="stmt" count="2"/>
        <line num="47" type="stmt" count="2"/>
        <line num="48" type="stmt" count="2"/>
        <line num="49" type="stmt" count="2"/>
        <line num="50" type="stmt" count="2"/>
        <line num="52" type="stmt" count="2"/>
        <line num="53" type="stmt" count="2"/>
        <line num="54" type="stmt" count="2"/>
        <line num="56" type="stmt" count="2"/>
        <line num="57" type="stmt" count="2"/>
        <line num="60" type="stmt" count="2"/>
        <line num="61" type="stmt" count="2"/>
        <line num="64" type="method" name="totalHoursByProjectId" visibility="public" complexity="3" crap="12" count="0"/>
        <line num="66" type="stmt" count="0"/>
        <line num="67" type="stmt" count="0"/>
        <line num="68" type="stmt" count="0"/>
        <line num="69" type="stmt" count="0"/>
        <line num="71" type="stmt" count="0"/>
        <line num="72" type="stmt" count="0"/>
        <line num="73" type="stmt" count="0"/>
        <line num="74" type="stmt" count="0"/>
        <line num="76" type="stmt" count="0"/>
        <line num="77" type="stmt" count="0"/>
        <line num="78" type="stmt" count="0"/>
        <line num="80" type="stmt" count="0"/>
        <line num="81" type="stmt" count="0"/>
        <line num="84" type="stmt" count="0"/>
        <line num="85" type="stmt" count="0"/>
        <line num="88" type="method" name="totalHoursByProjectAndClientId" visibility="public" complexity="3" crap="12" count="0"/>
        <line num="90" type="stmt" count="0"/>
        <line num="91" type="stmt" count="0"/>
        <line num="92" type="stmt" count="0"/>
        <line num="93" type="stmt" count="0"/>
        <line num="94" type="stmt" count="0"/>
        <line num="95" type="stmt" count="0"/>
        <line num="97" type="stmt" count="0"/>
        <line num="98" type="stmt" count="0"/>
        <line num="99" type="stmt" count="0"/>
        <line num="100" type="stmt" count="0"/>
        <line num="102" type="stmt" count="0"/>
        <line num="103" type="stmt" count="0"/>
        <line num="104" type="stmt" count="0"/>
        <line num="106" type="stmt" count="0"/>
        <line num="107" type="stmt" count="0"/>
        <line num="110" type="stmt" count="0"/>
        <line num="111" type="stmt" count="0"/>
        <line num="114" type="method" name="totalHoursByProjectAndUserId" visibility="public" complexity="3" crap="12" count="0"/>
        <line num="116" type="stmt" count="0"/>
        <line num="117" type="stmt" count="0"/>
        <line num="118" type="stmt" count="0"/>
        <line num="119" type="stmt" count="0"/>
        <line num="120" type="stmt" count="0"/>
        <line num="122" type="stmt" count="0"/>
        <line num="123" type="stmt" count="0"/>
        <line num="124" type="stmt" count="0"/>
        <line num="125" type="stmt" count="0"/>
        <line num="127" type="stmt" count="0"/>
        <line num="128" type="stmt" count="0"/>
        <line num="129" type="stmt" count="0"/>
        <line num="131" type="stmt" count="0"/>
        <line num="132" type="stmt" count="0"/>
        <line num="135" type="stmt" count="0"/>
        <line num="136" type="stmt" count="0"/>
        <line num="138" type="method" name="getProjectStatsDataForTests" visibility="public" complexity="2" crap="2.03" count="1"/>
        <line num="140" type="stmt" count="1"/>
        <line num="141" type="stmt" count="1"/>
        <line num="142" type="stmt" count="1"/>
        <line num="143" type="stmt" count="1"/>
        <line num="145" type="stmt" count="0"/>
        <metrics loc="146" ncloc="142" classes="1" methods="7" coveredmethods="3" conditionals="0" coveredconditionals="0" statements="79" coveredstatements="30" elements="86" coveredelements="33"/>
      </file>
      <file name="/Users/ha/Code/inverse/api.punchcardllc.com/app/Client.php">
        <class name="Client" namespace="App">
          <metrics complexity="22" methods="12" coveredmethods="7" conditionals="0" coveredconditionals="0" statements="43" coveredstatements="11" elements="55" coveredelements="18"/>
        </class>
        <line num="45" type="method" name="users" visibility="public" complexity="1" crap="1" count="1"/>
        <line num="47" type="stmt" count="1"/>
        <line num="50" type="method" name="getSubdomainAttribute" visibility="public" complexity="2" crap="2" count="82"/>
        <line num="52" type="stmt" count="82"/>
        <line num="53" type="stmt" count="79"/>
        <line num="56" type="stmt" count="10"/>
        <line num="57" type="stmt" count="10"/>
        <line num="59" type="stmt" count="10"/>
        <line num="62" type="method" name="projects" visibility="public" complexity="1" crap="1" count="1"/>
        <line num="64" type="stmt" count="1"/>
        <line num="67" type="method" name="children" visibility="public" complexity="1" crap="1" count="1"/>
        <line num="69" type="stmt" count="1"/>
        <line num="72" type="method" name="parent" visibility="public" complexity="1" crap="2" count="0"/>
        <line num="74" type="stmt" count="0"/>
        <line num="77" type="method" name="getLogoAttribute" visibility="public" complexity="1" crap="1" count="5"/>
        <line num="79" type="stmt" count="5"/>
        <line num="82" type="method" name="scopeWhereSubdomain" visibility="public" complexity="1" crap="1" count="64"/>
        <line num="84" type="stmt" count="64"/>
        <line num="87" type="method" name="scopeWhereActive" visibility="public" complexity="1" crap="1" count="63"/>
        <line num="89" type="stmt" count="63"/>
        <line num="92" type="method" name="updateJdoc" visibility="public" complexity="6" crap="42" count="0"/>
        <line num="94" type="stmt" count="0"/>
        <line num="95" type="stmt" count="0"/>
        <line num="98" type="stmt" count="0"/>
        <line num="99" type="stmt" count="0"/>
        <line num="100" type="stmt" count="0"/>
        <line num="102" type="stmt" count="0"/>
        <line num="103" type="stmt" count="0"/>
        <line num="104" type="stmt" count="0"/>
        <line num="106" type="stmt" count="0"/>
        <line num="107" type="stmt" count="0"/>
        <line num="108" type="stmt" count="0"/>
        <line num="110" type="stmt" count="0"/>
        <line num="113" type="method" name="getArrayKey" visibility="protected" complexity="1" crap="2" count="0"/>
        <line num="115" type="stmt" count="0"/>
        <line num="118" type="method" name="addContact" visibility="public" complexity="3" crap="12" count="0"/>
        <line num="120" type="stmt" count="0"/>
        <line num="121" type="stmt" count="0"/>
        <line num="122" type="stmt" count="0"/>
        <line num="123" type="stmt" count="0"/>
        <line num="126" type="stmt" count="0"/>
        <line num="127" type="stmt" count="0"/>
        <line num="130" type="stmt" count="0"/>
        <line num="131" type="stmt" count="0"/>
        <line num="132" type="stmt" count="0"/>
        <line num="134" type="stmt" count="0"/>
        <line num="137" type="method" name="removeContact" visibility="public" complexity="3" crap="12" count="0"/>
        <line num="139" type="stmt" count="0"/>
        <line num="140" type="stmt" count="0"/>
        <line num="143" type="stmt" count="0"/>
        <line num="145" type="stmt" count="0"/>
        <line num="146" type="stmt" count="0"/>
        <line num="149" type="stmt" count="0"/>
        <line num="150" type="stmt" count="0"/>
        <line num="152" type="stmt" count="0"/>
        <metrics loc="154" ncloc="147" classes="1" methods="12" coveredmethods="7" conditionals="0" coveredconditionals="0" statements="43" coveredstatements="11" elements="55" coveredelements="18"/>
      </file>
      <file name="/Users/ha/Code/inverse/api.punchcardllc.com/app/ClientProject.php">
        <class name="ClientProject" namespace="App">
          <metrics complexity="5" methods="3" coveredmethods="0" conditionals="0" coveredconditionals="0" statements="19" coveredstatements="0" elements="22" coveredelements="0"/>
        </class>
        <line num="10" type="method" name="isOnProject" visibility="public" complexity="2" crap="6" count="0"/>
        <line num="12" type="stmt" count="0"/>
        <line num="13" type="stmt" count="0"/>
        <line num="14" type="stmt" count="0"/>
        <line num="15" type="stmt" count="0"/>
        <line num="17" type="stmt" count="0"/>
        <line num="20" type="method" name="client" visibility="public" complexity="1" crap="2" count="0"/>
        <line num="22" type="stmt" count="0"/>
        <line num="23" type="stmt" count="0"/>
        <line num="24" type="stmt" count="0"/>
        <line num="25" type="stmt" count="0"/>
        <line num="28" type="method" name="gatherByProjectAs" visibility="public" complexity="2" crap="6" count="0"/>
        <line num="30" type="stmt" count="0"/>
        <line num="31" type="stmt" count="0"/>
        <line num="32" type="stmt" count="0"/>
        <line num="33" type="stmt" count="0"/>
        <line num="34" type="stmt" count="0"/>
        <line num="35" type="stmt" count="0"/>
        <line num="37" type="stmt" count="0"/>
        <line num="38" type="stmt" count="0"/>
        <line num="39" type="stmt" count="0"/>
        <line num="41" type="stmt" count="0"/>
        <metrics loc="43" ncloc="43" classes="1" methods="3" coveredmethods="0" conditionals="0" coveredconditionals="0" statements="19" coveredstatements="0" elements="22" coveredelements="0"/>
      </file>
      <file name="/Users/ha/Code/inverse/api.punchcardllc.com/app/Industry.php">
        <class name="Industry" namespace="App">
          <metrics complexity="0" methods="0" coveredmethods="0" conditionals="0" coveredconditionals="0" statements="0" coveredstatements="0" elements="0" coveredelements="0"/>
        </class>
        <metrics loc="10" ncloc="10" classes="1" methods="0" coveredmethods="0" conditionals="0" coveredconditionals="0" statements="0" coveredstatements="0" elements="0" coveredelements="0"/>
      </file>
      <file name="/Users/ha/Code/inverse/api.punchcardllc.com/app/PasswordResets.php">
        <class name="PasswordResets" namespace="App">
          <metrics complexity="5" methods="3" coveredmethods="2" conditionals="0" coveredconditionals="0" statements="9" coveredstatements="8" elements="12" coveredelements="10"/>
        </class>
        <line num="14" type="method" name="anonymous function" complexity="1" crap="1" count="2"/>
        <line num="15" type="stmt" count="2"/>
        <line num="16" type="stmt" count="2"/>
        <line num="17" type="stmt" count="2"/>
        <line num="19" type="method" name="generate" visibility="public" complexity="2" crap="2.03" count="2"/>
        <line num="21" type="stmt" count="2"/>
        <line num="22" type="stmt" count="2"/>
        <line num="24" type="stmt" count="2"/>
        <line num="25" type="stmt" count="0"/>
        <line num="28" type="stmt" count="2"/>
        <line num="31" type="method" name="makeToken" visibility="protected" complexity="1" crap="1" count="2"/>
        <line num="33" type="stmt" count="2"/>
        <line num="34" type="stmt" count="2"/>
        <metrics loc="36" ncloc="36" classes="1" methods="3" coveredmethods="2" conditionals="0" coveredconditionals="0" statements="10" coveredstatements="9" elements="13" coveredelements="11"/>
      </file>
      <file name="/Users/ha/Code/inverse/api.punchcardllc.com/app/PermissionUser.php">
        <class name="PermissionUser" namespace="App">
          <metrics complexity="0" methods="0" coveredmethods="0" conditionals="0" coveredconditionals="0" statements="0" coveredstatements="0" elements="0" coveredelements="0"/>
        </class>
        <metrics loc="10" ncloc="10" classes="1" methods="0" coveredmethods="0" conditionals="0" coveredconditionals="0" statements="0" coveredstatements="0" elements="0" coveredelements="0"/>
      </file>
      <file name="/Users/ha/Code/inverse/api.punchcardllc.com/app/Permissions.php">
        <class name="Permissions" namespace="App">
          <metrics complexity="0" methods="0" coveredmethods="0" conditionals="0" coveredconditionals="0" statements="0" coveredstatements="0" elements="0" coveredelements="0"/>
        </class>
        <metrics loc="10" ncloc="10" classes="1" methods="0" coveredmethods="0" conditionals="0" coveredconditionals="0" statements="0" coveredstatements="0" elements="0" coveredelements="0"/>
      </file>
      <file name="/Users/ha/Code/inverse/api.punchcardllc.com/app/Project.php">
        <class name="Project" namespace="App">
          <metrics complexity="11" methods="8" coveredmethods="1" conditionals="0" coveredconditionals="0" statements="23" coveredstatements="13" elements="31" coveredelements="14"/>
        </class>
        <line num="48" type="method" name="getRouteKeyName" visibility="public" complexity="1" crap="2" count="0"/>
        <line num="50" type="stmt" count="0"/>
        <line num="56" type="method" name="client" visibility="public" complexity="1" crap="2" count="0"/>
        <line num="58" type="stmt" count="0"/>
        <line num="65" type="method" name="clients" visibility="public" complexity="1" crap="2" count="0"/>
        <line num="67" type="stmt" count="0"/>
        <line num="71" type="method" name="checks" visibility="public" complexity="1" crap="2" count="0"/>
        <line num="73" type="stmt" count="0"/>
        <line num="76" type="method" name="users" visibility="public" complexity="1" crap="2" count="0"/>
        <line num="78" type="stmt" count="0"/>
        <line num="85" type="method" name="isWithinCheckinDistance" visibility="public" complexity="2" crap="2.15" count="13"/>
        <line num="87" type="stmt" count="13"/>
        <line num="88" type="stmt" count="0"/>
        <line num="90" type="stmt" count="13"/>
        <line num="96" type="method" name="isInsideRadius" visibility="protected" complexity="2" crap="2" count="13"/>
        <line num="98" type="stmt" count="13"/>
        <line num="99" type="stmt" count="13"/>
        <line num="100" type="stmt" count="13"/>
        <line num="101" type="stmt" count="13"/>
        <line num="102" type="stmt" count="13"/>
        <line num="103" type="stmt" count="13"/>
        <line num="104" type="stmt" count="13"/>
        <line num="106" type="stmt" count="13"/>
        <line num="107" type="stmt" count="13"/>
        <line num="108" type="stmt" count="13"/>
        <line num="110" type="stmt" count="13"/>
        <line num="113" type="method" name="isInsidePolyFence" visibility="public" complexity="2" crap="6" count="0"/>
        <line num="115" type="stmt" count="0"/>
        <line num="116" type="stmt" count="0"/>
        <line num="117" type="stmt" count="0"/>
        <line num="119" type="stmt" count="0"/>
        <metrics loc="121" ncloc="94" classes="1" methods="8" coveredmethods="1" conditionals="0" coveredconditionals="0" statements="23" coveredstatements="13" elements="31" coveredelements="14"/>
      </file>
      <file name="/Users/ha/Code/inverse/api.punchcardllc.com/app/ProjectAdd.php">
        <class name="ProjectAdd" namespace="App">
          <metrics complexity="4" methods="3" coveredmethods="0" conditionals="0" coveredconditionals="0" statements="15" coveredstatements="0" elements="18" coveredelements="0"/>
        </class>
        <line num="35" type="method" name="__construct" visibility="public" complexity="1" crap="2" count="0"/>
        <line num="37" type="stmt" count="0"/>
        <line num="38" type="stmt" count="0"/>
        <line num="44" type="method" name="addTo" visibility="public" complexity="2" crap="6" count="0"/>
        <line num="46" type="stmt" count="0"/>
        <line num="47" type="stmt" count="0"/>
        <line num="48" type="stmt" count="0"/>
        <line num="49" type="stmt" count="0"/>
        <line num="50" type="stmt" count="0"/>
        <line num="52" type="stmt" count="0"/>
        <line num="53" type="stmt" count="0"/>
        <line num="54" type="stmt" count="0"/>
        <line num="57" type="stmt" count="0"/>
        <line num="60" type="method" name="addClientToProject" visibility="protected" complexity="1" crap="2" count="0"/>
        <line num="62" type="stmt" count="0"/>
        <line num="63" type="stmt" count="0"/>
        <line num="64" type="stmt" count="0"/>
        <line num="65" type="stmt" count="0"/>
        <metrics loc="67" ncloc="39" classes="1" methods="3" coveredmethods="0" conditionals="0" coveredconditionals="0" statements="15" coveredstatements="0" elements="18" coveredelements="0"/>
      </file>
      <file name="/Users/ha/Code/inverse/api.punchcardllc.com/app/ProjectFull.php">
        <class name="ProjectFull" namespace="App">
          <metrics complexity="12" methods="11" coveredmethods="9" conditionals="0" coveredconditionals="0" statements="27" coveredstatements="25" elements="38" coveredelements="34"/>
        </class>
        <line num="29" type="method" name="getClientLoaderAttribute" visibility="public" complexity="1" crap="1" count="4"/>
        <line num="32" type="stmt" count="4"/>
        <line num="33" type="stmt" count="4"/>
        <line num="35" type="method" name="getLogoAttribute" visibility="public" complexity="1" crap="1" count="4"/>
        <line num="38" type="stmt" count="4"/>
        <line num="41" type="method" name="getStatsAttribute" visibility="public" complexity="1" crap="1" count="1"/>
        <line num="43" type="stmt" count="1"/>
        <line num="44" type="stmt" count="1"/>
        <line num="45" type="stmt" count="1"/>
        <line num="47" type="stmt" count="1"/>
        <line num="48" type="stmt" count="1"/>
        <line num="51" type="method" name="getOnsiteAttribute" visibility="public" complexity="1" crap="1" count="4"/>
        <line num="53" type="stmt" count="4"/>
        <line num="54" type="stmt" count="4"/>
        <line num="55" type="stmt" count="4"/>
        <line num="56" type="stmt" count="4"/>
        <line num="58" type="stmt" count="4"/>
        <line num="61" type="method" name="getAsTypeAttribute" visibility="public" complexity="1" crap="1" count="4"/>
        <line num="63" type="stmt" count="4"/>
        <line num="69" type="method" name="client" visibility="public" complexity="1" crap="1" count="4"/>
        <line num="71" type="stmt" count="4"/>
        <line num="78" type="method" name="clients" visibility="public" complexity="1" crap="1" count="1"/>
        <line num="81" type="stmt" count="1"/>
        <line num="85" type="method" name="checks" visibility="public" complexity="1" crap="2" count="0"/>
        <line num="87" type="stmt" count="0"/>
        <line num="95" type="method" name="usersListForMobile" visibility="public" complexity="2" crap="2" count="2"/>
        <line num="97" type="stmt" count="2"/>
        <line num="98" type="stmt" count="2"/>
        <line num="99" type="stmt" count="2"/>
        <line num="101" type="stmt" count="2"/>
        <line num="102" type="stmt" count="2"/>
        <line num="103" type="stmt" count="2"/>
        <line num="105" type="stmt" count="2"/>
        <line num="111" type="method" name="users" visibility="public" complexity="1" crap="2" count="0"/>
        <line num="113" type="stmt" count="0"/>
        <line num="120" type="method" name="getStaffedAttribute" visibility="public" complexity="1" crap="1" count="3"/>
        <line num="122" type="stmt" count="3"/>
        <line num="123" type="stmt" count="3"/>
        <metrics loc="125" ncloc="68" classes="1" methods="11" coveredmethods="9" conditionals="0" coveredconditionals="0" statements="27" coveredstatements="25" elements="38" coveredelements="34"/>
      </file>
      <file name="/Users/ha/Code/inverse/api.punchcardllc.com/app/ProjectLogo.php">
        <class name="ProjectLogo" namespace="App">
          <metrics complexity="7" methods="3" coveredmethods="0" conditionals="0" coveredconditionals="0" statements="16" coveredstatements="0" elements="19" coveredelements="0"/>
        </class>
        <line num="11" type="method" name="__construct" visibility="public" complexity="1" crap="2" count="0"/>
        <line num="13" type="stmt" count="0"/>
        <line num="14" type="stmt" count="0"/>
        <line num="15" type="stmt" count="0"/>
        <line num="17" type="method" name="handle" visibility="public" complexity="4" crap="20" count="0"/>
        <line num="19" type="stmt" count="0"/>
        <line num="20" type="stmt" count="0"/>
        <line num="23" type="stmt" count="0"/>
        <line num="24" type="stmt" count="0"/>
        <line num="25" type="stmt" count="0"/>
        <line num="26" type="stmt" count="0"/>
        <line num="27" type="stmt" count="0"/>
        <line num="32" type="stmt" count="0"/>
        <line num="34" type="stmt" count="0"/>
        <line num="40" type="method" name="placeholderLogo" visibility="private" complexity="2" crap="6" count="0"/>
        <line num="42" type="stmt" count="0"/>
        <line num="43" type="stmt" count="0"/>
        <line num="44" type="stmt" count="0"/>
        <line num="48" type="stmt" count="0"/>
        <metrics loc="50" ncloc="42" classes="1" methods="3" coveredmethods="0" conditionals="0" coveredconditionals="0" statements="16" coveredstatements="0" elements="19" coveredelements="0"/>
      </file>
      <file name="/Users/ha/Code/inverse/api.punchcardllc.com/app/ProjectPolyFence.php">
        <class name="ProjectPolyFence" namespace="App">
          <metrics complexity="7" methods="5" coveredmethods="3" conditionals="0" coveredconditionals="0" statements="33" coveredstatements="19" elements="38" coveredelements="22"/>
        </class>
        <line num="16" type="method" name="__construct" visibility="public" complexity="1" crap="1" count="65"/>
        <line num="18" type="stmt" count="65"/>
        <line num="19" type="stmt" count="65"/>
        <line num="20" type="stmt" count="65"/>
        <line num="21" type="stmt" count="65"/>
        <line num="23" type="method" name="retrieveAsDbInsertableString" visibility="public" complexity="2" crap="2" count="65"/>
        <line num="25" type="stmt" count="65"/>
        <line num="26" type="stmt" count="65"/>
        <line num="27" type="stmt" count="65"/>
        <line num="28" type="stmt" count="65"/>
        <line num="30" type="stmt" count="65"/>
        <line num="33" type="method" name="retrieve" visibility="public" complexity="1" crap="2" count="0"/>
        <line num="35" type="stmt" count="0"/>
        <line num="38" type="method" name="create" visibility="public" complexity="1" crap="1" count="65"/>
        <line num="40" type="stmt" count="65"/>
        <line num="41" type="stmt" count="65"/>
        <line num="43" type="stmt" count="65"/>
        <line num="47" type="stmt" count="65"/>
        <line num="49" type="stmt" count="65"/>
        <line num="50" type="stmt" count="65"/>
        <line num="51" type="stmt" count="65"/>
        <line num="53" type="stmt" count="65"/>
        <line num="55" type="stmt" count="65"/>
        <line num="56" type="stmt" count="65"/>
        <line num="59" type="method" name="createRandom" visibility="public" complexity="2" crap="6" count="0"/>
        <line num="61" type="stmt" count="0"/>
        <line num="62" type="stmt" count="0"/>
        <line num="64" type="stmt" count="0"/>
        <line num="65" type="stmt" count="0"/>
        <line num="70" type="stmt" count="0"/>
        <line num="71" type="stmt" count="0"/>
        <line num="72" type="stmt" count="0"/>
        <line num="73" type="stmt" count="0"/>
        <line num="74" type="stmt" count="0"/>
        <line num="75" type="stmt" count="0"/>
        <line num="77" type="stmt" count="0"/>
        <line num="79" type="stmt" count="0"/>
        <line num="80" type="stmt" count="0"/>
        <metrics loc="82" ncloc="62" classes="1" methods="5" coveredmethods="3" conditionals="0" coveredconditionals="0" statements="33" coveredstatements="19" elements="38" coveredelements="22"/>
      </file>
      <file name="/Users/ha/Code/inverse/api.punchcardllc.com/app/ProjectUser.php">
        <class name="ProjectUser" namespace="App">
          <metrics complexity="2" methods="1" coveredmethods="1" conditionals="0" coveredconditionals="0" statements="5" coveredstatements="5" elements="6" coveredelements="6"/>
        </class>
        <line num="14" type="method" name="isOnProject" visibility="public" complexity="2" crap="2" count="22"/>
        <line num="16" type="stmt" count="22"/>
        <line num="17" type="stmt" count="22"/>
        <line num="18" type="stmt" count="22"/>
        <line num="19" type="stmt" count="22"/>
        <line num="21" type="stmt" count="22"/>
        <metrics loc="23" ncloc="23" classes="1" methods="1" coveredmethods="1" conditionals="0" coveredconditionals="0" statements="5" coveredstatements="5" elements="6" coveredelements="6"/>
      </file>
      <file name="/Users/ha/Code/inverse/api.punchcardllc.com/app/ProjectsAccessAsAdmin.php">
        <class name="ProjectsAccessAsAdmin" namespace="App">
          <metrics complexity="5" methods="5" coveredmethods="3" conditionals="0" coveredconditionals="0" statements="11" coveredstatements="5" elements="16" coveredelements="8"/>
        </class>
        <line num="10" type="method" name="__construct" visibility="public" complexity="1" crap="1" count="3"/>
        <line num="12" type="stmt" count="3"/>
        <line num="13" type="stmt" count="3"/>
        <line num="15" type="method" name="remove" visibility="public" complexity="1" crap="2" count="0"/>
        <line num="17" type="stmt" count="0"/>
        <line num="18" type="stmt" count="0"/>
        <line num="19" type="stmt" count="0"/>
        <line num="21" type="stmt" count="0"/>
        <line num="24" type="method" name="getOne" visibility="public" complexity="1" crap="1" count="1"/>
        <line num="30" type="stmt" count="1"/>
        <line num="33" type="method" name="getManyForExport" visibility="public" complexity="1" crap="2" count="0"/>
        <line num="35" type="stmt" count="0"/>
        <line num="36" type="stmt" count="0"/>
        <line num="39" type="method" name="getMany" visibility="public" complexity="1" crap="1" count="2"/>
        <line num="55" type="stmt" count="2"/>
        <line num="56" type="stmt" count="2"/>
        <metrics loc="58" ncloc="22" classes="1" methods="5" coveredmethods="3" conditionals="0" coveredconditionals="0" statements="11" coveredstatements="5" elements="16" coveredelements="8"/>
      </file>
      <file name="/Users/ha/Code/inverse/api.punchcardllc.com/app/ProjectsAccessAsClientadmin.php">
        <class name="ProjectsAccessAsClientadmin" namespace="App">
          <metrics complexity="5" methods="5" coveredmethods="0" conditionals="0" coveredconditionals="0" statements="9" coveredstatements="0" elements="14" coveredelements="0"/>
        </class>
        <line num="10" type="method" name="__construct" visibility="public" complexity="1" crap="2" count="0"/>
        <line num="12" type="stmt" count="0"/>
        <line num="13" type="stmt" count="0"/>
        <line num="15" type="method" name="remove" visibility="public" complexity="1" crap="2" count="0"/>
        <line num="17" type="stmt" count="0"/>
        <line num="18" type="stmt" count="0"/>
        <line num="19" type="stmt" count="0"/>
        <line num="21" type="stmt" count="0"/>
        <line num="24" type="method" name="getOne" visibility="public" complexity="1" crap="2" count="0"/>
        <line num="26" type="stmt" count="0"/>
        <line num="29" type="method" name="getManyForExport" visibility="public" complexity="1" crap="2" count="0"/>
        <line num="31" type="stmt" count="0"/>
        <line num="34" type="method" name="getMany" visibility="public" complexity="1" crap="2" count="0"/>
        <line num="40" type="stmt" count="0"/>
        <metrics loc="42" ncloc="32" classes="1" methods="5" coveredmethods="0" conditionals="0" coveredconditionals="0" statements="9" coveredstatements="0" elements="14" coveredelements="0"/>
      </file>
      <file name="/Users/ha/Code/inverse/api.punchcardllc.com/app/ProjectsAccessAsSuperadmin.php">
        <class name="ProjectsAccessAsSuperadmin" namespace="App">
          <metrics complexity="5" methods="5" coveredmethods="0" conditionals="0" coveredconditionals="0" statements="7" coveredstatements="0" elements="12" coveredelements="0"/>
        </class>
        <line num="10" type="method" name="__construct" visibility="public" complexity="1" crap="2" count="0"/>
        <line num="12" type="stmt" count="0"/>
        <line num="13" type="stmt" count="0"/>
        <line num="15" type="method" name="remove" visibility="public" complexity="1" crap="2" count="0"/>
        <line num="17" type="stmt" count="0"/>
        <line num="20" type="method" name="getOne" visibility="public" complexity="1" crap="2" count="0"/>
        <line num="22" type="stmt" count="0"/>
        <line num="25" type="method" name="getManyForExport" visibility="public" complexity="1" crap="2" count="0"/>
        <line num="27" type="stmt" count="0"/>
        <line num="30" type="method" name="getMany" visibility="public" complexity="1" crap="2" count="0"/>
        <line num="32" type="stmt" count="0"/>
        <line num="33" type="stmt" count="0"/>
        <metrics loc="35" ncloc="33" classes="1" methods="5" coveredmethods="0" conditionals="0" coveredconditionals="0" statements="7" coveredstatements="0" elements="12" coveredelements="0"/>
      </file>
      <file name="/Users/ha/Code/inverse/api.punchcardllc.com/app/ProjectsAccessAsSuperuser.php">
        <class name="ProjectsAccessAsSuperuser" namespace="App">
          <metrics complexity="5" methods="5" coveredmethods="2" conditionals="0" coveredconditionals="0" statements="8" coveredstatements="4" elements="13" coveredelements="6"/>
        </class>
        <line num="10" type="method" name="__construct" visibility="public" complexity="1" crap="1" count="3"/>
        <line num="12" type="stmt" count="3"/>
        <line num="13" type="stmt" count="3"/>
        <line num="15" type="method" name="remove" visibility="public" complexity="1" crap="2" count="0"/>
        <line num="17" type="stmt" count="0"/>
        <line num="20" type="method" name="getOne" visibility="public" complexity="1" crap="2" count="0"/>
        <line num="22" type="stmt" count="0"/>
        <line num="24" type="stmt" count="0"/>
        <line num="27" type="method" name="getManyForExport" visibility="public" complexity="1" crap="2" count="0"/>
        <line num="29" type="stmt" count="0"/>
        <line num="32" type="method" name="getMany" visibility="public" complexity="1" crap="1" count="3"/>
        <line num="39" type="stmt" count="3"/>
        <line num="41" type="stmt" count="3"/>
        <metrics loc="43" ncloc="27" classes="1" methods="5" coveredmethods="2" conditionals="0" coveredconditionals="0" statements="8" coveredstatements="4" elements="13" coveredelements="6"/>
      </file>
      <file name="/Users/ha/Code/inverse/api.punchcardllc.com/app/ProjectsAccessAsUser.php">
        <class name="ProjectsAccessAsUser" namespace="App">
          <metrics complexity="5" methods="5" coveredmethods="2" conditionals="0" coveredconditionals="0" statements="8" coveredstatements="4" elements="13" coveredelements="6"/>
        </class>
        <line num="10" type="method" name="__construct" visibility="public" complexity="1" crap="1" count="4"/>
        <line num="12" type="stmt" count="4"/>
        <line num="13" type="stmt" count="4"/>
        <line num="15" type="method" name="getOne" visibility="public" complexity="1" crap="2" count="0"/>
        <line num="17" type="stmt" count="0"/>
        <line num="19" type="stmt" count="0"/>
        <line num="22" type="method" name="remove" visibility="public" complexity="1" crap="2" count="0"/>
        <line num="24" type="stmt" count="0"/>
        <line num="27" type="method" name="getManyForExport" visibility="public" complexity="1" crap="2" count="0"/>
        <line num="29" type="stmt" count="0"/>
        <line num="32" type="method" name="getMany" visibility="public" complexity="1" crap="1" count="4"/>
        <line num="47" type="stmt" count="4"/>
        <line num="49" type="stmt" count="4"/>
        <metrics loc="51" ncloc="19" classes="1" methods="5" coveredmethods="2" conditionals="0" coveredconditionals="0" statements="8" coveredstatements="4" elements="13" coveredelements="6"/>
      </file>
      <file name="/Users/ha/Code/inverse/api.punchcardllc.com/app/ProjectsAccessUser.php">
        <class name="ProjectsAccessUser" namespace="App">
          <metrics complexity="2" methods="2" coveredmethods="2" conditionals="0" coveredconditionals="0" statements="4" coveredstatements="4" elements="6" coveredelements="6"/>
        </class>
        <line num="9" type="method" name="__construct" visibility="public" complexity="1" crap="1" count="10"/>
        <line num="11" type="stmt" count="10"/>
        <line num="12" type="stmt" count="10"/>
        <line num="14" type="method" name="getAsType" visibility="public" complexity="1" crap="1" count="10"/>
        <line num="16" type="stmt" count="10"/>
        <line num="17" type="stmt" count="10"/>
        <metrics loc="19" ncloc="19" classes="1" methods="2" coveredmethods="2" conditionals="0" coveredconditionals="0" statements="4" coveredstatements="4" elements="6" coveredelements="6"/>
      </file>
      <file name="/Users/ha/Code/inverse/api.punchcardllc.com/app/ProjectsUserPermittedToAccess.php">
        <class name="ProjectsUserPermittedToAccess" namespace="App">
          <metrics complexity="9" methods="7" coveredmethods="4" conditionals="0" coveredconditionals="0" statements="45" coveredstatements="33" elements="52" coveredelements="37"/>
        </class>
        <line num="33" type="method" name="__construct" visibility="public" complexity="1" crap="1" count="10"/>
        <line num="35" type="stmt" count="10"/>
        <line num="36" type="stmt" count="10"/>
        <line num="37" type="stmt" count="10"/>
        <line num="39" type="method" name="setColumns" visibility="public" complexity="1" crap="1" count="4"/>
        <line num="41" type="stmt" count="4"/>
        <line num="42" type="stmt" count="1"/>
        <line num="45" type="method" name="remove" visibility="public" complexity="1" crap="2" count="0"/>
        <line num="47" type="stmt" count="0"/>
        <line num="50" type="method" name="getProject" visibility="public" complexity="1" crap="1" count="3"/>
        <line num="52" type="stmt" count="1"/>
        <line num="53" type="stmt" count="1"/>
        <line num="55" type="stmt" count="1"/>
        <line num="56" type="stmt" count="3"/>
        <line num="57" type="stmt" count="1"/>
        <line num="58" type="stmt" count="1"/>
        <line num="59" type="stmt" count="1"/>
        <line num="60" type="stmt" count="1"/>
        <line num="61" type="stmt" count="1"/>
        <line num="62" type="stmt" count="1"/>
        <line num="63" type="stmt" count="1"/>
        <line num="64" type="stmt" count="1"/>
        <line num="65" type="stmt" count="1"/>
        <line num="66" type="stmt" count="1"/>
        <line num="67" type="stmt" count="1"/>
        <line num="68" type="stmt" count="1"/>
        <line num="69" type="stmt" count="1"/>
        <line num="70" type="stmt" count="1"/>
        <line num="71" type="stmt" count="1"/>
        <line num="72" type="stmt" count="1"/>
        <line num="73" type="stmt" count="1"/>
        <line num="75" type="stmt" count="1"/>
        <line num="78" type="method" name="getManyProjects" visibility="public" complexity="2" crap="2" count="9"/>
        <line num="80" type="stmt" count="9"/>
        <line num="81" type="stmt" count="9"/>
        <line num="82" type="stmt" count="9"/>
        <line num="84" type="stmt" count="9"/>
        <line num="85" type="stmt" count="8"/>
        <line num="87" type="stmt" count="1"/>
        <line num="91" type="method" name="getManyProjectsForReports" visibility="public" complexity="2" crap="6" count="0"/>
        <line num="93" type="stmt" count="0"/>
        <line num="95" type="stmt" count="0"/>
        <line num="96" type="stmt" count="0"/>
        <line num="97" type="stmt" count="0"/>
        <line num="98" type="stmt" count="0"/>
        <line num="101" type="stmt" count="0"/>
        <line num="102" type="stmt" count="0"/>
        <line num="103" type="stmt" count="0"/>
        <line num="105" type="stmt" count="0"/>
        <line num="108" type="method" name="getManyProjectsForExport" visibility="public" complexity="1" crap="2" count="0"/>
        <line num="110" type="stmt" count="0"/>
        <line num="111" type="stmt" count="0"/>
        <metrics loc="113" ncloc="103" classes="1" methods="7" coveredmethods="4" conditionals="0" coveredconditionals="0" statements="45" coveredstatements="33" elements="52" coveredelements="37"/>
      </file>
      <file name="/Users/ha/Code/inverse/api.punchcardllc.com/app/Report.php">
        <class name="Report" namespace="App">
          <metrics complexity="0" methods="0" coveredmethods="0" conditionals="0" coveredconditionals="0" statements="0" coveredstatements="0" elements="0" coveredelements="0"/>
        </class>
        <metrics loc="23" ncloc="18" classes="1" methods="0" coveredmethods="0" conditionals="0" coveredconditionals="0" statements="0" coveredstatements="0" elements="0" coveredelements="0"/>
      </file>
      <file name="/Users/ha/Code/inverse/api.punchcardllc.com/app/SearchProjectsUsers.php">
        <class name="SearchProjectsUsers" namespace="App">
          <metrics complexity="3" methods="2" coveredmethods="0" conditionals="0" coveredconditionals="0" statements="24" coveredstatements="8" elements="26" coveredelements="8"/>
        </class>
        <line num="20" type="method" name="toSearchableArray" visibility="public" complexity="1" crap="2" count="0"/>
        <line num="22" type="stmt" count="0"/>
        <line num="23" type="stmt" count="0"/>
        <line num="24" type="stmt" count="0"/>
        <line num="25" type="stmt" count="0"/>
        <line num="30" type="stmt" count="0"/>
        <line num="31" type="stmt" count="0"/>
        <line num="32" type="stmt" count="0"/>
        <line num="33" type="stmt" count="0"/>
        <line num="34" type="stmt" count="0"/>
        <line num="35" type="stmt" count="0"/>
        <line num="36" type="stmt" count="0"/>
        <line num="37" type="stmt" count="0"/>
        <line num="38" type="stmt" count="0"/>
        <line num="39" type="stmt" count="0"/>
        <line num="41" type="stmt" count="0"/>
        <line num="44" type="method" name="remove" visibility="public" complexity="2" crap="2.01" count="3"/>
        <line num="46" type="stmt" count="3"/>
        <line num="47" type="stmt" count="3"/>
        <line num="49" type="stmt" count="3"/>
        <line num="50" type="stmt" count="3"/>
        <line num="51" type="stmt" count="3"/>
        <line num="53" type="stmt" count="3"/>
        <line num="54" type="stmt" count="3"/>
        <line num="55" type="stmt" count="3"/>
        <line num="58" type="stmt" count="0"/>
        <metrics loc="60" ncloc="53" classes="1" methods="2" coveredmethods="0" conditionals="0" coveredconditionals="0" statements="24" coveredstatements="8" elements="26" coveredelements="8"/>
      </file>
      <file name="/Users/ha/Code/inverse/api.punchcardllc.com/app/Sector.php">
        <class name="Sector" namespace="App">
          <metrics complexity="0" methods="0" coveredmethods="0" conditionals="0" coveredconditionals="0" statements="0" coveredstatements="0" elements="0" coveredelements="0"/>
        </class>
        <metrics loc="10" ncloc="8" classes="1" methods="0" coveredmethods="0" conditionals="0" coveredconditionals="0" statements="0" coveredstatements="0" elements="0" coveredelements="0"/>
      </file>
      <file name="/Users/ha/Code/inverse/api.punchcardllc.com/app/Timesheets.php">
        <class name="Timesheets" namespace="App">
          <metrics complexity="6" methods="3" coveredmethods="2" conditionals="0" coveredconditionals="0" statements="14" coveredstatements="3" elements="17" coveredelements="5"/>
        </class>
        <line num="10" type="method" name="__construct" visibility="public" complexity="1" crap="1" count="2"/>
        <line num="12" type="stmt" count="2"/>
        <line num="13" type="stmt" count="2"/>
        <line num="15" type="method" name="scopeGetSheets" visibility="public" complexity="1" crap="1" count="2"/>
        <line num="17" type="stmt" count="2"/>
        <line num="20" type="method" name="saveCheckDateTimeChange" visibility="public" complexity="4" crap="20" count="0"/>
        <line num="22" type="stmt" count="0"/>
        <line num="23" type="stmt" count="0"/>
        <line num="26" type="stmt" count="0"/>
        <line num="27" type="stmt" count="0"/>
        <line num="30" type="stmt" count="0"/>
        <line num="31" type="stmt" count="0"/>
        <line num="32" type="stmt" count="0"/>
        <line num="34" type="stmt" count="0"/>
        <line num="36" type="stmt" count="0"/>
        <line num="37" type="stmt" count="0"/>
        <line num="39" type="stmt" count="0"/>
        <metrics loc="43" ncloc="43" classes="1" methods="3" coveredmethods="2" conditionals="0" coveredconditionals="0" statements="14" coveredstatements="3" elements="17" coveredelements="5"/>
      </file>
      <file name="/Users/ha/Code/inverse/api.punchcardllc.com/app/User.php">
        <class name="User" namespace="App">
          <metrics complexity="67" methods="35" coveredmethods="18" conditionals="0" coveredconditionals="0" statements="195" coveredstatements="137" elements="230" coveredelements="155"/>
        </class>
        <line num="62" type="method" name="projects" visibility="public" complexity="1" crap="1" count="26"/>
        <line num="64" type="stmt" count="26"/>
        <line num="67" type="method" name="activeProjects" visibility="public" complexity="1" crap="1" count="7"/>
        <line num="69" type="stmt" count="7"/>
        <line num="72" type="method" name="projectsWithBadgeId" visibility="public" complexity="1" crap="2" count="0"/>
        <line num="74" type="stmt" count="0"/>
        <line num="75" type="stmt" count="0"/>
        <line num="76" type="stmt" count="0"/>
        <line num="78" type="method" name="addProjectBadges" visibility="public" complexity="2" crap="6" count="0"/>
        <line num="80" type="stmt" count="0"/>
        <line num="81" type="stmt" count="0"/>
        <line num="82" type="stmt" count="0"/>
        <line num="83" type="stmt" count="0"/>
        <line num="84" type="stmt" count="0"/>
        <line num="86" type="stmt" count="0"/>
        <line num="87" type="stmt" count="0"/>
        <line num="88" type="stmt" count="0"/>
        <line num="90" type="stmt" count="0"/>
        <line num="91" type="stmt" count="0"/>
        <line num="93" type="method" name="hasScannerPermission" visibility="public" complexity="5" crap="5.27" count="9"/>
        <line num="95" type="stmt" count="9"/>
        <line num="96" type="stmt" count="0"/>
        <line num="99" type="stmt" count="9"/>
        <line num="101" type="stmt" count="9"/>
        <line num="102" type="stmt" count="9"/>
        <line num="103" type="stmt" count="9"/>
        <line num="105" type="stmt" count="9"/>
        <line num="106" type="stmt" count="0"/>
        <line num="109" type="stmt" count="9"/>
        <line num="112" type="method" name="update" visibility="public" complexity="1" crap="2" count="0"/>
        <line num="114" type="stmt" count="0"/>
        <line num="115" type="stmt" count="0"/>
        <line num="116" type="stmt" count="0"/>
        <line num="118" type="method" name="delete" visibility="public" complexity="1" crap="2" count="0"/>
        <line num="120" type="stmt" count="0"/>
        <line num="121" type="stmt" count="0"/>
        <line num="122" type="stmt" count="0"/>
        <line num="124" type="method" name="removeFromProjectsIfNecessary" visibility="protected" complexity="3" crap="12" count="0"/>
        <line num="126" type="stmt" count="0"/>
        <line num="127" type="stmt" count="0"/>
        <line num="128" type="stmt" count="0"/>
        <line num="129" type="stmt" count="0"/>
        <line num="131" type="stmt" count="0"/>
        <line num="134" type="method" name="updatePermission" visibility="public" complexity="6" crap="6.56" count="2"/>
        <line num="136" type="stmt" count="2"/>
        <line num="137" type="stmt" count="0"/>
        <line num="140" type="stmt" count="2"/>
        <line num="141" type="stmt" count="2"/>
        <line num="142" type="stmt" count="2"/>
        <line num="149" type="stmt" count="2"/>
        <line num="150" type="stmt" count="0"/>
        <line num="151" type="stmt" count="0"/>
        <line num="153" type="stmt" count="2"/>
        <line num="154" type="stmt" count="2"/>
        <line num="155" type="stmt" count="2"/>
        <line num="157" type="stmt" count="2"/>
        <line num="160" type="method" name="scannerPermissionAdd" visibility="public" complexity="3" crap="3.24" count="1"/>
        <line num="162" type="stmt" count="1"/>
        <line num="164" type="stmt" count="1"/>
        <line num="165" type="stmt" count="0"/>
        <line num="166" type="stmt" count="0"/>
        <line num="167" type="stmt" count="1"/>
        <line num="170" type="stmt" count="1"/>
        <line num="171" type="stmt" count="0"/>
        <line num="174" type="stmt" count="1"/>
        <line num="176" type="stmt" count="1"/>
        <line num="178" type="stmt" count="1"/>
        <line num="181" type="method" name="scannerPermissionRemove" visibility="public" complexity="4" crap="4.06" count="1"/>
        <line num="183" type="stmt" count="1"/>
        <line num="185" type="stmt" count="1"/>
        <line num="186" type="stmt" count="0"/>
        <line num="189" type="stmt" count="1"/>
        <line num="191" type="stmt" count="1"/>
        <line num="192" type="stmt" count="0"/>
        <line num="195" type="stmt" count="1"/>
        <line num="197" type="stmt" count="1"/>
        <line num="198" type="stmt" count="1"/>
        <line num="199" type="stmt" count="1"/>
        <line num="201" type="stmt" count="1"/>
        <line num="203" type="stmt" count="1"/>
        <line num="204" type="stmt" count="1"/>
        <line num="206" type="method" name="checks" visibility="public" complexity="1" crap="2" count="0"/>
        <line num="208" type="stmt" count="0"/>
        <line num="211" type="method" name="client" visibility="public" complexity="1" crap="1" count="79"/>
        <line num="213" type="stmt" count="79"/>
        <line num="216" type="method" name="getIsCheckedInAttribute" visibility="public" complexity="2" crap="6" count="0"/>
        <line num="218" type="stmt" count="0"/>
        <line num="219" type="stmt" count="0"/>
        <line num="220" type="stmt" count="0"/>
        <line num="221" type="stmt" count="0"/>
        <line num="222" type="stmt" count="0"/>
        <line num="223" type="stmt" count="0"/>
        <line num="224" type="stmt" count="0"/>
        <line num="227" type="stmt" count="0"/>
        <line num="230" type="method" name="addOnsite" visibility="public" complexity="2" crap="2" count="2"/>
        <line num="232" type="stmt" count="2"/>
        <line num="233" type="stmt" count="2"/>
        <line num="234" type="stmt" count="2"/>
        <line num="235" type="stmt" count="2"/>
        <line num="236" type="stmt" count="2"/>
        <line num="237" type="stmt" count="2"/>
        <line num="238" type="stmt" count="2"/>
        <line num="240" type="stmt" count="2"/>
        <line num="241" type="stmt" count="2"/>
        <line num="243" type="method" name="addLastChecks" visibility="public" complexity="3" crap="3" count="2"/>
        <line num="246" type="stmt" count="2"/>
        <line num="247" type="stmt" count="2"/>
        <line num="248" type="stmt" count="2"/>
        <line num="249" type="stmt" count="2"/>
        <line num="250" type="stmt" count="2"/>
        <line num="251" type="stmt" count="2"/>
        <line num="253" type="stmt" count="2"/>
        <line num="254" type="stmt" count="2"/>
        <line num="255" type="stmt" count="2"/>
        <line num="256" type="stmt" count="2"/>
        <line num="257" type="stmt" count="2"/>
        <line num="258" type="stmt" count="2"/>
        <line num="260" type="stmt" count="2"/>
        <line num="261" type="stmt" count="1"/>
        <line num="262" type="stmt" count="1"/>
        <line num="263" type="stmt" count="1"/>
        <line num="266" type="stmt" count="2"/>
        <line num="267" type="stmt" count="1"/>
        <line num="268" type="stmt" count="1"/>
        <line num="269" type="stmt" count="1"/>
        <line num="271" type="stmt" count="2"/>
        <line num="273" type="method" name="getBadgeUrl" visibility="public" complexity="1" crap="1" count="4"/>
        <line num="275" type="stmt" count="4"/>
        <line num="278" type="method" name="getQrUrlWithProject" visibility="public" complexity="1" crap="1" count="5"/>
        <line num="280" type="stmt" count="5"/>
        <line num="281" type="stmt" count="5"/>
        <line num="284" type="method" name="getNameAttribute" visibility="public" complexity="1" crap="1" count="17"/>
        <line num="286" type="stmt" count="17"/>
        <line num="289" type="method" name="getAvatarAttribute" visibility="public" complexity="1" crap="1" count="9"/>
        <line num="291" type="stmt" count="9"/>
        <line num="294" type="method" name="getDomainStructure" visibility="protected" complexity="1" crap="1" count="9"/>
        <line num="296" type="stmt" count="9"/>
        <line num="299" type="method" name="scopeActiveUser" visibility="public" complexity="1" crap="1" count="2"/>
        <line num="304" type="stmt" count="2"/>
        <line num="305" type="stmt" count="2"/>
        <line num="306" type="stmt" count="2"/>
        <line num="307" type="stmt" count="2"/>
        <line num="308" type="stmt" count="2"/>
        <line num="309" type="stmt" count="2"/>
        <line num="310" type="stmt" count="2"/>
        <line num="311" type="stmt" count="2"/>
        <line num="314" type="method" name="scopeActiveUserProject" visibility="public" complexity="1" crap="1" count="25"/>
        <line num="319" type="stmt" count="25"/>
        <line num="320" type="stmt" count="25"/>
        <line num="321" type="stmt" count="25"/>
        <line num="322" type="stmt" count="25"/>
        <line num="323" type="stmt" count="25"/>
        <line num="324" type="stmt" count="25"/>
        <line num="325" type="stmt" count="25"/>
        <line num="326" type="stmt" count="25"/>
        <line num="327" type="stmt" count="25"/>
        <line num="328" type="stmt" count="25"/>
        <line num="331" type="method" name="scopeGetClean" visibility="public" complexity="1" crap="1" count="4"/>
        <line num="333" type="stmt" count="4"/>
        <line num="334" type="stmt" count="4"/>
        <line num="335" type="stmt" count="4"/>
        <line num="336" type="stmt" count="4"/>
        <line num="338" type="stmt" count="4"/>
        <line num="341" type="method" name="forceInt" visibility="protected" complexity="1" crap="1" count="2"/>
        <line num="343" type="stmt" count="2"/>
        <line num="346" type="method" name="getUserField" visibility="protected" complexity="1" crap="1" count="62"/>
        <line num="348" type="stmt" count="62"/>
        <line num="349" type="stmt" count="62"/>
        <line num="352" type="method" name="routeNotificationForMail" visibility="public" complexity="2" crap="2.15" count="1"/>
        <line num="355" type="stmt" count="1"/>
        <line num="356" type="stmt" count="1"/>
        <line num="359" type="stmt" count="0"/>
        <line num="362" type="method" name="sendRegistrationConfirmation" visibility="public" complexity="2" crap="2.02" count="1"/>
        <line num="364" type="stmt" count="1"/>
        <line num="366" type="stmt" count="1"/>
        <line num="367" type="stmt" count="0"/>
        <line num="370" type="stmt" count="1"/>
        <line num="371" type="stmt" count="1"/>
        <line num="372" type="stmt" count="1"/>
        <line num="374" type="method" name="retrieveForPasswordReset" visibility="public" complexity="3" crap="12" count="0"/>
        <line num="376" type="stmt" count="0"/>
        <line num="377" type="stmt" count="0"/>
        <line num="378" type="stmt" count="0"/>
        <line num="380" type="stmt" count="0"/>
        <line num="381" type="stmt" count="0"/>
        <line num="385" type="stmt" count="0"/>
        <line num="387" type="stmt" count="0"/>
        <line num="388" type="stmt" count="0"/>
        <line num="391" type="stmt" count="0"/>
        <line num="394" type="method" name="findForPassport" visibility="public" complexity="3" crap="3.01" count="63"/>
        <line num="396" type="stmt" count="63"/>
        <line num="397" type="stmt" count="63"/>
        <line num="398" type="stmt" count="63"/>
        <line num="400" type="stmt" count="63"/>
        <line num="401" type="stmt" count="1"/>
        <line num="404" type="stmt" count="62"/>
        <line num="406" type="stmt" count="62"/>
        <line num="407" type="stmt" count="0"/>
        <line num="410" type="stmt" count="62"/>
        <line num="416" type="method" name="getRequestSubdomain" visibility="protected" complexity="1" crap="1" count="63"/>
        <line num="418" type="stmt" count="63"/>
        <line num="419" type="stmt" count="63"/>
        <line num="421" type="stmt" count="63"/>
        <line num="424" type="method" name="invalidParent" visibility="protected" complexity="3" crap="3.07" count="63"/>
        <line num="426" type="stmt" count="63"/>
        <line num="427" type="stmt" count="1"/>
        <line num="430" type="stmt" count="62"/>
        <line num="433" type="stmt" count="0"/>
        <line num="435" type="stmt" count="62"/>
        <line num="437" type="method" name="getIdsToCheck" visibility="protected" complexity="1" crap="1" count="62"/>
        <line num="439" type="stmt" count="62"/>
        <line num="440" type="stmt" count="62"/>
        <line num="441" type="stmt" count="62"/>
        <line num="443" type="stmt" count="62"/>
        <line num="444" type="stmt" count="62"/>
        <line num="447" type="method" name="getPossibleUsers" visibility="protected" complexity="1" crap="1" count="62"/>
        <line num="449" type="stmt" count="62"/>
        <line num="450" type="stmt" count="62"/>
        <line num="451" type="stmt" count="62"/>
        <line num="452" type="stmt" count="62"/>
        <line num="453" type="stmt" count="62"/>
        <line num="454" type="stmt" count="62"/>
        <line num="457" type="method" name="noValidUsers" visibility="protected" complexity="4" crap="4.37" count="62"/>
        <line num="459" type="stmt" count="62"/>
        <line num="460" type="stmt" count="0"/>
        <line num="463" type="stmt" count="62"/>
        <line num="464" type="stmt" count="1"/>
        <line num="467" type="stmt" count="61"/>
        <line num="470" type="stmt" count="0"/>
        <line num="472" type="stmt" count="61"/>
        <metrics loc="473" ncloc="412" classes="1" methods="35" coveredmethods="18" conditionals="0" coveredconditionals="0" statements="195" coveredstatements="137" elements="230" coveredelements="155"/>
      </file>
      <file name="/Users/ha/Code/inverse/api.punchcardllc.com/app/UserAdmin.php">
        <class name="UserAdmin" namespace="App">
          <metrics complexity="2" methods="2" coveredmethods="2" conditionals="0" coveredconditionals="0" statements="3" coveredstatements="3" elements="5" coveredelements="5"/>
        </class>
        <line num="10" type="method" name="__construct" visibility="public" complexity="1" crap="1" count="1"/>
        <line num="12" type="stmt" count="1"/>
        <line num="13" type="stmt" count="1"/>
        <line num="15" type="method" name="scopeUniqId" visibility="public" complexity="1" crap="1" count="1"/>
        <line num="17" type="stmt" count="1"/>
        <metrics loc="19" ncloc="13" classes="1" methods="2" coveredmethods="2" conditionals="0" coveredconditionals="0" statements="3" coveredstatements="3" elements="5" coveredelements="5"/>
      </file>
      <file name="/Users/ha/Code/inverse/api.punchcardllc.com/app/UserBadgeData.php">
        <class name="UserBadgeData" namespace="App">
          <metrics complexity="5" methods="2" coveredmethods="1" conditionals="0" coveredconditionals="0" statements="19" coveredstatements="16" elements="21" coveredelements="17"/>
        </class>
        <line num="10" type="method" name="__construct" visibility="public" complexity="1" crap="1" count="5"/>
        <line num="12" type="stmt" count="5"/>
        <line num="13" type="stmt" count="5"/>
        <line num="14" type="stmt" count="5"/>
        <line num="16" type="method" name="get" visibility="public" complexity="4" crap="4.11" count="5"/>
        <line num="18" type="stmt" count="5"/>
        <line num="19" type="stmt" count="0"/>
        <line num="22" type="stmt" count="5"/>
        <line num="23" type="stmt" count="0"/>
        <line num="26" type="stmt" count="5"/>
        <line num="27" type="stmt" count="5"/>
        <line num="28" type="stmt" count="5"/>
        <line num="30" type="stmt" count="5"/>
        <line num="31" type="stmt" count="0"/>
        <line num="35" type="stmt" count="5"/>
        <line num="36" type="stmt" count="5"/>
        <line num="37" type="stmt" count="5"/>
        <line num="38" type="stmt" count="5"/>
        <line num="39" type="stmt" count="5"/>
        <line num="40" type="stmt" count="5"/>
        <line num="41" type="stmt" count="5"/>
        <metrics loc="43" ncloc="43" classes="1" methods="2" coveredmethods="1" conditionals="0" coveredconditionals="0" statements="19" coveredstatements="16" elements="21" coveredelements="17"/>
      </file>
      <file name="/Users/ha/Code/inverse/api.punchcardllc.com/app/UserLog.php">
        <class name="UserLog" namespace="App">
          <metrics complexity="2" methods="2" coveredmethods="1" conditionals="0" coveredconditionals="0" statements="2" coveredstatements="1" elements="4" coveredelements="2"/>
        </class>
        <line num="14" type="method" name="project" visibility="public" complexity="1" crap="1" count="1"/>
        <line num="16" type="stmt" count="1"/>
        <line num="19" type="method" name="check" visibility="public" complexity="1" crap="2" count="0"/>
        <line num="21" type="stmt" count="0"/>
        <metrics loc="23" ncloc="23" classes="1" methods="2" coveredmethods="1" conditionals="0" coveredconditionals="0" statements="2" coveredstatements="1" elements="4" coveredelements="2"/>
      </file>
      <file name="/Users/ha/Code/inverse/api.punchcardllc.com/app/UserPermissions.php">
        <class name="UserPermissions" namespace="App">
          <metrics complexity="18" methods="4" coveredmethods="0" conditionals="0" coveredconditionals="0" statements="45" coveredstatements="10" elements="49" coveredelements="10"/>
        </class>
        <line num="12" type="method" name="hasPermission" visibility="public" complexity="5" crap="30" count="0"/>
        <line num="14" type="stmt" count="0"/>
        <line num="15" type="stmt" count="0"/>
        <line num="18" type="stmt" count="0"/>
        <line num="20" type="stmt" count="0"/>
        <line num="21" type="stmt" count="0"/>
        <line num="22" type="stmt" count="0"/>
        <line num="24" type="stmt" count="0"/>
        <line num="25" type="stmt" count="0"/>
        <line num="28" type="stmt" count="0"/>
        <line num="31" type="method" name="permissionAdd" visibility="public" complexity="3" crap="12" count="0"/>
        <line num="33" type="stmt" count="0"/>
        <line num="35" type="stmt" count="0"/>
        <line num="36" type="stmt" count="0"/>
        <line num="37" type="stmt" count="0"/>
        <line num="38" type="stmt" count="0"/>
        <line num="41" type="stmt" count="0"/>
        <line num="42" type="stmt" count="0"/>
        <line num="45" type="stmt" count="0"/>
        <line num="47" type="stmt" count="0"/>
        <line num="49" type="stmt" count="0"/>
        <line num="52" type="method" name="permissionRemove" visibility="public" complexity="4" crap="20" count="0"/>
        <line num="54" type="stmt" count="0"/>
        <line num="56" type="stmt" count="0"/>
        <line num="57" type="stmt" count="0"/>
        <line num="60" type="stmt" count="0"/>
        <line num="62" type="stmt" count="0"/>
        <line num="63" type="stmt" count="0"/>
        <line num="66" type="stmt" count="0"/>
        <line num="68" type="stmt" count="0"/>
        <line num="69" type="stmt" count="0"/>
        <line num="70" type="stmt" count="0"/>
        <line num="72" type="stmt" count="0"/>
        <line num="74" type="stmt" count="0"/>
        <line num="75" type="stmt" count="0"/>
        <line num="77" type="method" name="updateArrayPermission" visibility="public" complexity="6" crap="6.44" count="2"/>
        <line num="79" type="stmt" count="2"/>
        <line num="80" type="stmt" count="0"/>
        <line num="83" type="stmt" count="2"/>
        <line num="84" type="stmt" count="2"/>
        <line num="85" type="stmt" count="2"/>
        <line num="92" type="stmt" count="2"/>
        <line num="93" type="stmt" count="0"/>
        <line num="94" type="stmt" count="0"/>
        <line num="96" type="stmt" count="2"/>
        <line num="98" type="stmt" count="2"/>
        <line num="99" type="stmt" count="2"/>
        <line num="100" type="stmt" count="2"/>
        <line num="102" type="stmt" count="2"/>
        <metrics loc="104" ncloc="94" classes="1" methods="4" coveredmethods="0" conditionals="0" coveredconditionals="0" statements="45" coveredstatements="10" elements="49" coveredelements="10"/>
      </file>
      <file name="/Users/ha/Code/inverse/api.punchcardllc.com/app/UserRole.php">
        <class name="UserRole" namespace="App">
          <metrics complexity="5" methods="4" coveredmethods="3" conditionals="0" coveredconditionals="0" statements="7" coveredstatements="6" elements="11" coveredelements="9"/>
        </class>
        <line num="7" type="method" name="__construct" visibility="public" complexity="1" crap="1" count="3"/>
        <line num="9" type="stmt" count="3"/>
        <line num="10" type="stmt" count="3"/>
        <line num="12" type="method" name="isA" visibility="public" complexity="1" crap="1" count="1"/>
        <line num="14" type="stmt" count="1"/>
        <line num="17" type="method" name="can" visibility="public" complexity="1" crap="2" count="0"/>
        <line num="19" type="stmt" count="0"/>
[...]
        </class>
        <line num="15" type="method" name="__construct" visibility="public" complexity="1" crap="1" count="9"/>
        <line num="17" type="stmt" count="9"/>
        <line num="18" type="stmt" count="9"/>
        <line num="19" type="stmt" count="9"/>
        <line num="21" type="method" name="getReport" visibility="public" complexity="2" crap="2.06" count="4"/>
        <line num="23" type="stmt" count="4"/>
        <line num="25" type="stmt" count="4"/>
        <line num="26" type="stmt" count="0"/>
        <line num="29" type="stmt" count="4"/>
        <line num="32" type="method" name="getReportWithData" visibility="public" complexity="2" crap="2.03" count="2"/>
        <line num="34" type="stmt" count="2"/>
        <line num="36" type="stmt" count="2"/>
        <line num="37" type="stmt" count="0"/>
        <line num="40" type="stmt" count="2"/>
        <line num="42" type="stmt" count="2"/>
        <line num="45" type="method" name="getManyReports" visibility="public" complexity="4" crap="5.40" count="5"/>
        <line num="51" type="stmt" count="5"/>
        <line num="52" type="stmt" count="0"/>
        <line num="53" type="stmt" count="0"/>
        <line num="54" type="stmt" count="5"/>
        <line num="57" type="stmt" count="5"/>
        <line num="58" type="stmt" count="0"/>
        <line num="61" type="stmt" count="5"/>
        <line num="62" type="stmt" count="0"/>
        <line num="64" type="stmt" count="5"/>
        <line num="68" type="method" name="doesHaveReportPermissionsSet" visibility="protected" complexity="1" crap="1" count="5"/>
        <line num="70" type="stmt" count="5"/>
        <line num="71" type="stmt" count="5"/>
        <line num="74" type="method" name="getPermittedReports" visibility="protected" complexity="1" crap="2" count="0"/>
        <line num="76" type="stmt" count="0"/>
        <line num="77" type="stmt" count="0"/>
        <line num="80" type="method" name="getPermittedReportIds" visibility="protected" complexity="2" crap="2" count="5"/>
        <line num="82" type="stmt" count="5"/>
        <metrics loc="84" ncloc="74" classes="1" methods="7" coveredmethods="3" conditionals="0" coveredconditionals="0" statements="26" coveredstatements="18" elements="33" coveredelements="21"/>
      </file>
      <file name="/Users/ha/Code/inverse/api.punchcardllc.com/app/Webapp/Reports/ReportOptionData.php">
        <class name="ReportOptionData" namespace="App\Webapp\Reports">
          <metrics complexity="4" methods="3" coveredmethods="2" conditionals="0" coveredconditionals="0" statements="11" coveredstatements="10" elements="14" coveredelements="12"/>
        </class>
        <line num="22" type="method" name="__construct" visibility="public" complexity="1" crap="1" count="1"/>
        <line num="24" type="stmt" count="1"/>
        <line num="25" type="stmt" count="1"/>
        <line num="57" type="method" name="gather" visibility="public" complexity="2" crap="2.01" count="1"/>
        <line num="59" type="stmt" count="1"/>
        <line num="60" type="stmt" count="1"/>
        <line num="61" type="stmt" count="1"/>
        <line num="63" type="stmt" count="1"/>
        <line num="64" type="stmt" count="0"/>
        <line num="67" type="stmt" count="1"/>
        <line num="68" type="stmt" count="1"/>
        <line num="70" type="stmt" count="1"/>
        <line num="73" type="method" name="getFilteredNumber" visibility="protected" complexity="1" crap="1" count="1"/>
        <line num="75" type="stmt" count="1"/>
        <metrics loc="77" ncloc="25" classes="1" methods="3" coveredmethods="2" conditionals="0" coveredconditionals="0" statements="11" coveredstatements="10" elements="14" coveredelements="12"/>
      </file>
      <file name="/Users/ha/Code/inverse/api.punchcardllc.com/app/Webapp/Reports/ReportWebapp.php">
        <class name="ReportWebApp" namespace="App\Webapp\Reports">
          <metrics complexity="1" methods="1" coveredmethods="1" conditionals="0" coveredconditionals="0" statements="2" coveredstatements="2" elements="3" coveredelements="3"/>
        </class>
        <line num="12" type="method" name="__construct" visibility="public" complexity="1" crap="1" count="13"/>
        <line num="14" type="stmt" count="13"/>
        <line num="15" type="stmt" count="13"/>
        <metrics loc="16" ncloc="16" classes="1" methods="1" coveredmethods="1" conditionals="0" coveredconditionals="0" statements="2" coveredstatements="2" elements="3" coveredelements="3"/>
      </file>
    </package>
    <file name="/Users/ha/Code/inverse/api.punchcardllc.com/app/Webapp/Reports/AccessInterface.php">
      <metrics loc="10" ncloc="10" classes="0" methods="0" coveredmethods="0" conditionals="0" coveredconditionals="0" statements="0" coveredstatements="0" elements="0" coveredelements="0"/>
    </file>
    <package name="App\Webapp">
      <file name="/Users/ha/Code/inverse/api.punchcardllc.com/app/Webapp/StaffedOnProject.php">
        <class name="StaffedOnProject" namespace="App\Webapp">
          <metrics complexity="3" methods="2" coveredmethods="1" conditionals="0" coveredconditionals="0" statements="24" coveredstatements="23" elements="26" coveredelements="24"/>
        </class>
        <line num="14" type="method" name="getUsers" visibility="public" complexity="2" crap="2" count="3"/>
        <line num="16" type="stmt" count="3"/>
        <line num="17" type="stmt" count="3"/>
        <line num="22" type="stmt" count="3"/>
        <line num="24" type="stmt" count="3"/>
        <line num="25" type="stmt" count="0"/>
        <line num="28" type="stmt" count="3"/>
        <line num="34" type="stmt" count="3"/>
        <line num="35" type="stmt" count="3"/>
        <line num="36" type="stmt" count="3"/>
        <line num="37" type="stmt" count="3"/>
        <line num="38" type="stmt" count="3"/>
        <line num="39" type="stmt" count="3"/>
        <line num="40" type="stmt" count="3"/>
        <line num="41" type="stmt" count="3"/>
        <line num="42" type="stmt" count="3"/>
        <line num="43" type="stmt" count="3"/>
        <line num="44" type="stmt" count="3"/>
        <line num="45" type="stmt" count="3"/>
        <line num="46" type="stmt" count="3"/>
        <line num="47" type="stmt" count="3"/>
        <line num="49" type="stmt" count="3"/>
        <line num="51" type="method" name="anonymous function" complexity="1" crap="1" count="3"/>
        <line num="52" type="stmt" count="2"/>
        <line num="53" type="stmt" count="2"/>
        <line num="54" type="stmt" count="3"/>
        <metrics loc="58" ncloc="46" classes="1" methods="2" coveredmethods="1" conditionals="0" coveredconditionals="0" statements="24" coveredstatements="23" elements="26" coveredelements="24"/>
      </file>
    </package>
    <package name="App\Webapp\Users">
      <file name="/Users/ha/Code/inverse/api.punchcardllc.com/app/Webapp/Users/Access.php">
        <class name="Access" namespace="App\Webapp\Users">
          <metrics complexity="2" methods="2" coveredmethods="2" conditionals="0" coveredconditionals="0" statements="4" coveredstatements="4" elements="6" coveredelements="6"/>
        </class>
        <line num="9" type="method" name="__construct" visibility="public" complexity="1" crap="1" count="7"/>
        <line num="11" type="stmt" count="7"/>
        <line num="12" type="stmt" count="7"/>
        <line num="14" type="method" name="getAsType" visibility="public" complexity="1" crap="1" count="7"/>
        <line num="16" type="stmt" count="7"/>
        <line num="17" type="stmt" count="7"/>
        <metrics loc="19" ncloc="19" classes="1" methods="2" coveredmethods="2" conditionals="0" coveredconditionals="0" statements="4" coveredstatements="4" elements="6" coveredelements="6"/>
      </file>
      <file name="/Users/ha/Code/inverse/api.punchcardllc.com/app/Webapp/Users/AccessAsAdmin.php">
        <class name="AccessAsAdmin" namespace="App\Webapp\Users">
          <metrics complexity="4" methods="4" coveredmethods="2" conditionals="0" coveredconditionals="0" statements="5" coveredstatements="3" elements="9" coveredelements="5"/>
        </class>
        <line num="9" type="method" name="__construct" visibility="public" complexity="1" crap="1" count="2"/>
        <line num="11" type="stmt" count="2"/>
        <line num="12" type="stmt" count="2"/>
        <line num="14" type="method" name="getOne" visibility="public" complexity="1" crap="2" count="0"/>
        <line num="16" type="stmt" count="0"/>
        <line num="19" type="method" name="getManyForExport" visibility="public" complexity="1" crap="2" count="0"/>
        <line num="21" type="stmt" count="0"/>
        <line num="24" type="method" name="getMany" visibility="public" complexity="1" crap="1" count="2"/>
        <line num="26" type="stmt" count="2"/>
        <metrics loc="28" ncloc="28" classes="1" methods="4" coveredmethods="2" conditionals="0" coveredconditionals="0" statements="5" coveredstatements="3" elements="9" coveredelements="5"/>
      </file>
      <file name="/Users/ha/Code/inverse/api.punchcardllc.com/app/Webapp/Users/AccessAsClientadmin.php">
        <class name="AccessAsClientadmin" namespace="App\Webapp\Users">
          <metrics complexity="5" methods="5" coveredmethods="2" conditionals="0" coveredconditionals="0" statements="12" coveredstatements="5" elements="17" coveredelements="7"/>
        </class>
        <line num="9" type="method" name="__construct" visibility="public" complexity="1" crap="1" count="2"/>
        <line num="11" type="stmt" count="2"/>
        <line num="12" type="stmt" count="2"/>
        <line num="14" type="method" name="getOne" visibility="public" complexity="1" crap="2" count="0"/>
        <line num="16" type="stmt" count="0"/>
        <line num="17" type="stmt" count="0"/>
        <line num="18" type="stmt" count="0"/>
        <line num="19" type="method" name="anonymous function" complexity="1" crap="2" count="0"/>
        <line num="21" type="stmt" count="0"/>
        <line num="22" type="stmt" count="0"/>
        <line num="23" type="stmt" count="0"/>
        <line num="26" type="method" name="getManyForExport" visibility="public" complexity="1" crap="2" count="0"/>
        <line num="28" type="stmt" count="0"/>
        <line num="31" type="method" name="getMany" visibility="public" complexity="1" crap="1" count="2"/>
        <line num="33" type="stmt" count="2"/>
        <line num="34" type="stmt" count="2"/>
        <line num="35" type="stmt" count="2"/>
        <metrics loc="37" ncloc="35" classes="1" methods="5" coveredmethods="2" conditionals="0" coveredconditionals="0" statements="12" coveredstatements="5" elements="17" coveredelements="7"/>
      </file>
      <file name="/Users/ha/Code/inverse/api.punchcardllc.com/app/Webapp/Users/AccessAsSuperadmin.php">
        <class name="AccessAsSuperadmin" namespace="App\Webapp\Users">
          <metrics complexity="4" methods="4" coveredmethods="0" conditionals="0" coveredconditionals="0" statements="8" coveredstatements="0" elements="12" coveredelements="0"/>
        </class>
        <line num="10" type="method" name="__construct" visibility="public" complexity="1" crap="2" count="0"/>
        <line num="12" type="stmt" count="0"/>
        <line num="13" type="stmt" count="0"/>
        <line num="15" type="method" name="getOne" visibility="public" complexity="1" crap="2" count="0"/>
        <line num="17" type="stmt" count="0"/>
        <line num="18" type="stmt" count="0"/>
        <line num="21" type="method" name="getManyForExport" visibility="public" complexity="1" crap="2" count="0"/>
        <line num="23" type="stmt" count="0"/>
        <line num="26" type="method" name="getMany" visibility="public" complexity="1" crap="2" count="0"/>
        <line num="28" type="stmt" count="0"/>
        <line num="29" type="stmt" count="0"/>
        <line num="30" type="stmt" count="0"/>
        <metrics loc="32" ncloc="30" classes="1" methods="4" coveredmethods="0" conditionals="0" coveredconditionals="0" statements="8" coveredstatements="0" elements="12" coveredelements="0"/>
      </file>
      <file name="/Users/ha/Code/inverse/api.punchcardllc.com/app/Webapp/Users/AccessAsSuperuser.php">
        <class name="AccessAsSuperuser" namespace="App\Webapp\Users">
          <metrics complexity="4" methods="4" coveredmethods="2" conditionals="0" coveredconditionals="0" statements="5" coveredstatements="3" elements="9" coveredelements="5"/>
        </class>
        <line num="9" type="method" name="__construct" visibility="public" complexity="1" crap="1" count="2"/>
        <line num="11" type="stmt" count="2"/>
        <line num="12" type="stmt" count="2"/>
        <line num="14" type="method" name="getOne" visibility="public" complexity="1" crap="1" count="2"/>
        <line num="16" type="stmt" count="2"/>
        <line num="19" type="method" name="getManyForExport" visibility="public" complexity="1" crap="2" count="0"/>
        <line num="21" type="stmt" count="0"/>
        <line num="24" type="method" name="getMany" visibility="public" complexity="1" crap="2" count="0"/>
        <line num="26" type="stmt" count="0"/>
        <metrics loc="28" ncloc="28" classes="1" methods="4" coveredmethods="2" conditionals="0" coveredconditionals="0" statements="5" coveredstatements="3" elements="9" coveredelements="5"/>
      </file>
      <file name="/Users/ha/Code/inverse/api.punchcardllc.com/app/Webapp/Users/AccessAsUser.php">
        <class name="AccessAsUser" namespace="App\Webapp\Users">
          <metrics complexity="4" methods="4" coveredmethods="2" conditionals="0" coveredconditionals="0" statements="5" coveredstatements="3" elements="9" coveredelements="5"/>
        </class>
        <line num="9" type="method" name="__construct" visibility="public" complexity="1" crap="1" count="1"/>
        <line num="11" type="stmt" count="1"/>
        <line num="12" type="stmt" count="1"/>
        <line num="17" type="method" name="getOne" visibility="public" complexity="1" crap="1" count="1"/>
        <line num="19" type="stmt" count="1"/>
        <line num="22" type="method" name="getManyForExport" visibility="public" complexity="1" crap="2" count="0"/>
        <line num="24" type="stmt" count="0"/>
        <line num="27" type="method" name="getMany" visibility="public" complexity="1" crap="2" count="0"/>
        <line num="29" type="stmt" count="0"/>
        <metrics loc="31" ncloc="25" classes="1" methods="4" coveredmethods="2" conditionals="0" coveredconditionals="0" statements="5" coveredstatements="3" elements="9" coveredelements="5"/>
      </file>
      <file name="/Users/ha/Code/inverse/api.punchcardllc.com/app/Webapp/Users/Add.php">
        <class name="Add" namespace="App\Webapp\Users">
          <metrics complexity="0" methods="0" coveredmethods="0" conditionals="0" coveredconditionals="0" statements="0" coveredstatements="0" elements="0" coveredelements="0"/>
        </class>
        <metrics loc="34" ncloc="24" classes="1" methods="0" coveredmethods="0" conditionals="0" coveredconditionals="0" statements="0" coveredstatements="0" elements="0" coveredelements="0"/>
      </file>
      <file name="/Users/ha/Code/inverse/api.punchcardllc.com/app/Webapp/Users/PermittedToAccess.php">
        <class name="PermittedToAccess" namespace="App\Webapp\Users">
          <metrics complexity="9" methods="5" coveredmethods="3" conditionals="0" coveredconditionals="0" statements="19" coveredstatements="13" elements="24" coveredelements="16"/>
        </class>
        <line num="12" type="method" name="__construct" visibility="public" complexity="1" crap="1" count="7"/>
        <line num="14" type="stmt" count="7"/>
        <line num="15" type="stmt" count="7"/>
        <line num="16" type="stmt" count="7"/>
        <line num="18" type="method" name="setColumns" visibility="public" complexity="1" crap="1" count="4"/>
        <line num="20" type="stmt" count="4"/>
        <line num="21" type="stmt" count="4"/>
        <line num="24" type="method" name="getUser" visibility="public" complexity="2" crap="2" count="5"/>
        <line num="26" type="stmt" count="5"/>
        <line num="28" type="stmt" count="3"/>
        <line num="29" type="stmt" count="1"/>
        <line num="32" type="stmt" count="2"/>
        <line num="35" type="method" name="getManyUsersForExport" visibility="public" complexity="2" crap="6" count="0"/>
        <line num="37" type="stmt" count="0"/>
        <line num="39" type="stmt" count="0"/>
        <line num="40" type="stmt" count="0"/>
        <line num="43" type="stmt" count="0"/>
        <line num="46" type="method" name="getManyUsers" visibility="public" complexity="3" crap="3.33" count="4"/>
        <line num="48" type="stmt" count="4"/>
        <line num="50" type="stmt" count="4"/>
        <line num="51" type="stmt" count="0"/>
        <line num="54" type="stmt" count="4"/>
        <line num="55" type="stmt" count="0"/>
        <line num="57" type="stmt" count="4"/>
        <metrics loc="60" ncloc="60" classes="1" methods="5" coveredmethods="3" conditionals="0" coveredconditionals="0" statements="19" coveredstatements="13" elements="24" coveredelements="16"/>
      </file>
      <file name="/Users/ha/Code/inverse/api.punchcardllc.com/app/Webapp/Users/StoreLogo.php">
        <class name="StoreLogo" namespace="App\Webapp\Users">
          <metrics complexity="1" methods="1" coveredmethods="0" conditionals="0" coveredconditionals="0" statements="5" coveredstatements="0" elements="6" coveredelements="0"/>
        </class>
        <line num="18" type="method" name="storeAvatar" visibility="public" complexity="1" crap="2" count="0"/>
        <line num="20" type="stmt" count="0"/>
        <line num="21" type="stmt" count="0"/>
        <line num="22" type="stmt" count="0"/>
        <line num="23" type="stmt" count="0"/>
        <line num="25" type="stmt" count="0"/>
        <metrics loc="27" ncloc="22" classes="1" methods="1" coveredmethods="0" conditionals="0" coveredconditionals="0" statements="5" coveredstatements="0" elements="6" coveredelements="0"/>
      </file>
      <file name="/Users/ha/Code/inverse/api.punchcardllc.com/app/Webapp/Users/UserWebapp.php">
        <class name="UserWebApp" namespace="App\Webapp\Users">
          <metrics complexity="3" methods="2" coveredmethods="2" conditionals="0" coveredconditionals="0" statements="11" coveredstatements="11" elements="13" coveredelements="13"/>
        </class>
        <line num="14" type="method" name="__construct" visibility="public" complexity="1" crap="1" count="7"/>
        <line num="16" type="stmt" count="7"/>
        <line num="17" type="stmt" count="6"/>
        <line num="19" type="method" name="getUser" visibility="public" complexity="2" crap="2" count="3"/>
        <line num="21" type="stmt" count="3"/>
        <line num="22" type="stmt" count="3"/>
        <line num="23" type="stmt" count="3"/>
        <line num="25" type="stmt" count="3"/>
        <line num="27" type="stmt" count="3"/>
        <line num="28" type="stmt" count="1"/>
        <line num="31" type="stmt" count="2"/>
        <line num="32" type="stmt" count="2"/>
        <line num="33" type="stmt" count="2"/>
        <metrics loc="35" ncloc="35" classes="1" methods="2" coveredmethods="2" conditionals="0" coveredconditionals="0" statements="11" coveredstatements="11" elements="13" coveredelements="13"/>
      </file>
    </package>
    <file name="/Users/ha/Code/inverse/api.punchcardllc.com/app/Webapp/Users/AccessInterface.php">
      <metrics loc="10" ncloc="10" classes="0" methods="0" coveredmethods="0" conditionals="0" coveredconditionals="0" statements="0" coveredstatements="0" elements="0" coveredelements="0"/>
    </file>
    <metrics files="209" loc="11657" ncloc="9565" classes="202" methods="718" coveredmethods="258" conditionals="0" coveredconditionals="0" statements="3632" coveredstatements="1434" elements="4350" coveredelements="1692"/>
  </project>
</coverage>
